<?xml version="1.0" encoding="UTF-8"?>
<!-- Generated by org.testng.reporters.JUnitReportReporter -->
<testsuite skipped="0" hostname="Rakyesh-PC" name="demotestng.FirstTest" tests="1" failures="0" timestamp="02 Nov 2021 04:57:17 GMT" time="0.003" errors="0">
  <testcase name="test" time="0.003" classname="demotestng.FirstTest"/>
</testsuite> <!-- demotestng.FirstTest -->
