<?xml version="1.0" encoding="UTF-8"?>
<!-- Generated by org.testng.reporters.JUnitReportReporter -->
<testsuite skipped="1" hostname="Rakyesh-PC" name="demotestng.OtherMethodofTestng" tests="3" failures="0" timestamp="02 Nov 2021 04:57:17 GMT" time="93.504" errors="0">
  <testcase name="chrome" time="32.199" classname="demotestng.OtherMethodofTestng"/>
  <testcase name="chrome" time="61.305" classname="demotestng.OtherMethodofTestng"/>
  <testcase name="firefox" classname="demotestng.OtherMethodofTestng">
    <skipped/>
  </testcase> <!-- firefox -->
</testsuite> <!-- demotestng.OtherMethodofTestng -->
