<?xml version="1.0" encoding="UTF-8"?>
<!-- Generated by org.testng.reporters.JUnitReportReporter -->
<testsuite skipped="0" hostname="Rakyesh-PC" name="demotestng.ExampleofBeforeAfterMethod" tests="3" failures="0" timestamp="02 Nov 2021 04:57:17 GMT" time="0.016" errors="0">
  <testcase name="az_2" time="0.005" classname="demotestng.ExampleofBeforeAfterMethod"/>
  <testcase name="az_1" time="0.005" classname="demotestng.ExampleofBeforeAfterMethod"/>
  <testcase name="az_3" time="0.006" classname="demotestng.ExampleofBeforeAfterMethod"/>
</testsuite> <!-- demotestng.ExampleofBeforeAfterMethod -->
