<?xml version="1.0" encoding="UTF-8"?>
<!-- Generated by org.testng.reporters.JUnitReportReporter -->
<testsuite skipped="0" hostname="Rakyesh-PC" name="demotestng.Sequences" tests="4" failures="0" timestamp="02 Nov 2021 04:57:17 GMT" time="0.029" errors="0">
  <testcase name="A_2" time="0.003" classname="demotestng.Sequences"/>
  <testcase name="a_1" time="0.002" classname="demotestng.Sequences"/>
  <testcase name="B_1" time="0.007" classname="demotestng.Sequences"/>
  <testcase name="A_1" time="0.017" classname="demotestng.Sequences"/>
</testsuite> <!-- demotestng.Sequences -->
