<?xml version="1.0" encoding="UTF-8"?>
<!-- Generated by org.testng.reporters.JUnitReportReporter -->
<testsuite skipped="0" hostname="Rakyesh-PC" name="demotestng.BRQ_AZ1" tests="5" failures="0" timestamp="02 Nov 2021 04:57:17 GMT" time="76.276" errors="0">
  <testcase name="Whenuseropenchromebrowser" time="16.350" classname="demotestng.BRQ_AZ1"/>
  <testcase name="openamazon" time="23.358" classname="demotestng.BRQ_AZ1"/>
  <testcase name="searchproduct" time="11.896" classname="demotestng.BRQ_AZ1"/>
  <testcase name="addtocart" time="17.435" classname="demotestng.BRQ_AZ1"/>
  <testcase name="removefromcart" time="7.237" classname="demotestng.BRQ_AZ1"/>
</testsuite> <!-- demotestng.BRQ_AZ1 -->
