<?xml version="1.0" encoding="UTF-8"?>
<!-- Generated by org.testng.reporters.JUnitReportReporter -->
<testsuite skipped="0" hostname="Rakyesh-PC" name="demotestng.BRQ_AZ2" tests="5" failures="0" timestamp="02 Nov 2021 05:04:35 GMT" time="80.245" errors="0">
  <testcase name="Whenuseropenchromebrowser" time="12.117" classname="demotestng.BRQ_AZ2"/>
  <testcase name="removefromcart" time="6.953" classname="demotestng.BRQ_AZ2"/>
  <testcase name="searchproduct" time="16.891" classname="demotestng.BRQ_AZ2"/>
  <testcase name="addtocart" time="19.249" classname="demotestng.BRQ_AZ2"/>
  <testcase name="openamazon" time="25.035" classname="demotestng.BRQ_AZ2"/>
</testsuite> <!-- demotestng.BRQ_AZ2 -->
