<?xml version="1.0" encoding="UTF-8"?>
<!-- Generated by org.testng.reporters.JUnitReportReporter -->
<testsuite skipped="0" hostname="Rakyesh-PC" name="demotestng.AllAnnotations" tests="1" failures="0" timestamp="02 Nov 2021 04:57:17 GMT" time="0.005" errors="0">
  <testcase name="f" time="0.005" classname="demotestng.AllAnnotations"/>
</testsuite> <!-- demotestng.AllAnnotations -->
