<?xml version="1.0" encoding="UTF-8"?>
<!-- Generated by org.testng.reporters.JUnitReportReporter -->
<testsuite skipped="0" hostname="Rakyesh-PC" name="demotestng.FacebookParameter" tests="1" failures="0" timestamp="29 Oct 2021 06:11:03 GMT" time="17.088" errors="0">
  <testcase name="facebook" time="17.088" classname="demotestng.FacebookParameter"/>
</testsuite> <!-- demotestng.FacebookParameter -->
