<?xml version="1.0" encoding="UTF-8"?>
<!-- Generated by org.testng.reporters.JUnitReportReporter -->
<testsuite skipped="0" hostname="Rakyesh-PC" name="demotestng.FacebookLogin" tests="1" failures="0" timestamp="02 Nov 2021 04:57:17 GMT" time="19.874" errors="0">
  <testcase name="f" time="19.874" classname="demotestng.FacebookLogin"/>
</testsuite> <!-- demotestng.FacebookLogin -->
